<?xml version="1.0" encoding="UTF-8"?>
<testng-results ignored="0" total="1" passed="1" failed="0" skipped="0">
  <reporter-output>
  </reporter-output>
  <suite started-at="2025-09-10T18:39:02 IST" name="Selenium Suite" finished-at="2025-09-10T18:39:08 IST" duration-ms="6120">
    <groups>
    </groups>
    <test started-at="2025-09-10T18:39:02 IST" name="Sample Tests" finished-at="2025-09-10T18:39:08 IST" duration-ms="6120">
      <class name="com.example.framework.tests.SampleTest">
        <test-method is-config="true" signature="setUp()[pri:0, instance:com.example.framework.tests.SampleTest@47d90b9e]" started-at="2025-09-10T18:39:02 IST" name="setUp" finished-at="2025-09-10T18:39:08 IST" duration-ms="6021" status="PASS">
          <reporter-output>
          </reporter-output>
        </test-method> <!-- setUp -->
        <test-method signature="titleShouldNotBeEmpty()[pri:0, instance:com.example.framework.tests.SampleTest@47d90b9e]" started-at="2025-09-10T18:39:08 IST" name="titleShouldNotBeEmpty" finished-at="2025-09-10T18:39:08 IST" duration-ms="7" status="PASS">
          <reporter-output>
          </reporter-output>
        </test-method> <!-- titleShouldNotBeEmpty -->
        <test-method is-config="true" signature="tearDown()[pri:0, instance:com.example.framework.tests.SampleTest@47d90b9e]" started-at="2025-09-10T18:39:08 IST" name="tearDown" finished-at="2025-09-10T18:39:08 IST" duration-ms="82" status="PASS">
          <reporter-output>
          </reporter-output>
        </test-method> <!-- tearDown -->
      </class> <!-- com.example.framework.tests.SampleTest -->
    </test> <!-- Sample Tests -->
  </suite> <!-- Selenium Suite -->
</testng-results>
